<?xml version="1.0" encoding="UTF-8"?>
<!-- Generated by org.testng.reporters.JUnitReportReporter -->
<testsuite hostname="lenova-PC" name="hero.pack" tests="2" failures="0" timestamp="9 Jul 2018 12:00:53 GMT" time="0.012" errors="0">
  <testcase name="test1" time="0.002" classname="hero.pack"/>
  <testcase name="test" time="0.010" classname="hero.pack"/>
</testsuite> <!-- hero.pack -->
